*********************************************************************
* LD Score Regression (LDSC)
* Version 1.0.1
* (C) 2014-2019 Brendan Bulik-Sullivan and Hilary Finucane
* Broad Institute of MIT and Harvard / MIT Department of Mathematics
* GNU General Public License v3
*********************************************************************
Call: 
./ldsc.py \
--h2 /data/sbcs/GuoLab/backup/liq17/CRC_TF_TWAS_zhishan2024/NC_revision_OceanCode/v2_NC_revision/simulation_values_res/sim_y_values/beta1_1_h2_0.05_SNPs_500.sim_y/10M.SIM19.glm.logistic.hybrid.txt \
--ref-ld-chr /data/sbcs/GuoLab/backup/liq17/CRC_TF_TWAS_zhishan2024/NC_revision_OceanCode/v2_NC_revision//84Tracks/ldscores_sim500/ \
--out /data/sbcs/GuoLab/backup/liq17/CRC_TF_TWAS_zhishan2024/NC_revision_OceanCode/v2_NC_revision/simulation_values_res/ldsc_res/y_sim_h2_0.05_SNPs_500/SIM19.ldsc.res.txt \
--w-ld-chr /data/sbcs/GuoLab/backup/liq17/ref/Alkesgroup/eur_w_ld_chr/ 

Beginning analysis at Mon Oct 27 08:44:43 2025
Reading summary statistics from /data/sbcs/GuoLab/backup/liq17/CRC_TF_TWAS_zhishan2024/NC_revision_OceanCode/v2_NC_revision/simulation_values_res/sim_y_values/beta1_1_h2_0.05_SNPs_500.sim_y/10M.SIM19.glm.logistic.hybrid.txt ...
Read summary statistics for 9991229 SNPs.
Reading reference panel LD Score from /data/sbcs/GuoLab/backup/liq17/CRC_TF_TWAS_zhishan2024/NC_revision_OceanCode/v2_NC_revision//84Tracks/ldscores_sim500/[1-22] ... (ldscore_fromlist)
Read reference panel LD Scores for 9991229 SNPs.
Removing partitioned LD Scores with zero variance.
Reading regression weight LD Score from /data/sbcs/GuoLab/backup/liq17/ref/Alkesgroup/eur_w_ld_chr/[1-22] ... (ldscore_fromlist)
Read regression weight LD Scores for 1290028 SNPs.
After merging with reference panel LD, 9991229 SNPs remain.
After merging with regression SNP LD, 1274793 SNPs remain.
Removed 0 SNPs with chi^2 > 80 (1274793 SNPs remain)
Total Observed scale h2: -0.0706 (0.3791)
Categories: SIM1L2_0 SIM2L2_0 SIM3L2_0 SIM4L2_0 SIM5L2_0 SIM6L2_0 SIM7L2_0 SIM8L2_0 SIM9L2_0 SIM10L2_0 SIM11L2_0 SIM12L2_0 SIM13L2_0 SIM14L2_0 SIM15L2_0 SIM16L2_0 SIM17L2_0 SIM18L2_0 SIM19L2_0 SIM20L2_0 SIM21L2_0 SIM22L2_0 SIM23L2_0 SIM24L2_0 SIM25L2_0 SIM26L2_0 SIM27L2_0 SIM28L2_0 SIM29L2_0 SIM30L2_0 SIM31L2_0 SIM32L2_0 SIM33L2_0 SIM34L2_0 SIM35L2_0 SIM36L2_0 SIM37L2_0 SIM38L2_0 SIM39L2_0 SIM40L2_0 SIM41L2_0 SIM42L2_0 SIM43L2_0 SIM44L2_0 SIM45L2_0 SIM46L2_0 SIM47L2_0 SIM48L2_0 SIM49L2_0 SIM50L2_0
Observed scale h2: 0.1078  0.027   0.1145  0.0271 -0.0202  0.0297  0.0148 -0.1026 -0.0406 -0.0185  0.0205  0.0419  0.1562 -0.0646 -0.0209 -0.007  -0.0569 -0.2077  0.1146  0.0081 -0.0046 -0.0496 -0.0857  0.0044 -0.0647 -0.001  -0.0066  0.1149 -0.0055  0.099  -0.0278  0.0394  0.0413 -0.0097 -0.0366  0.0213 -0.0176 -0.0018 -0.0421  0.0009 -0.0339 -0.0898 -0.0282 -0.079  -0.0319  0.0624 -0.0196 -0.0395  0.0161  0.0819
Observed scale h2 SE: 0.0622 0.0547 0.0637 0.0552 0.0596 0.0556 0.0535 0.043  0.0555 0.0543 0.0651 0.0603 0.0785 0.0531 0.0577 0.0535 0.0556 0.0396 0.0785 0.0545 0.0537 0.055  0.0578 0.0655 0.0543 0.0553 0.0643 0.0702 0.0535 0.057  0.0529 0.0581 0.0677 0.0443 0.0438 0.0555 0.0566 0.0523 0.0472 0.0603 0.0661 0.055  0.0533 0.0511 0.0549 0.0692 0.0562 0.0558 0.0541 0.0655
Proportion of SNPs: 0.0202 0.02   0.0203 0.0208 0.0199 0.0194 0.0208 0.0197 0.0199 0.0191 0.0191 0.0196 0.0205 0.021  0.0198 0.0203 0.0187 0.0201 0.0202 0.02   0.0197 0.0199 0.0207 0.0216 0.0206 0.0201 0.0202 0.0191 0.0201 0.0202 0.0193 0.0195 0.0208 0.0189 0.0191 0.0203 0.0199 0.0184 0.0188 0.02   0.021  0.0206 0.0193 0.0197 0.0203 0.0199 0.0201 0.0205 0.022  0.0195
Proportion of h2g: -1.5267 -0.3831 -1.6211 -0.3837  0.2856 -0.4203 -0.2103  1.4533  0.5756  0.2617 -0.2911 -0.5935 -2.2122  0.9156  0.2958  0.0998  0.8052  2.9421 -1.6226 -0.1148  0.0653  0.7019  1.2142 -0.0616  0.9158  0.0145  0.094  -1.6275  0.0773 -1.4016  0.3941 -0.5587 -0.5849  0.1369  0.5179 -0.3016  0.25    0.026   0.5964 -0.0122  0.4801  1.2717  0.3999  1.1183  0.4522 -0.8836  0.2777  0.5601 -0.2278 -1.1601
Enrichment: -75.5307  -19.149   -79.9325  -18.4245   14.3734  -21.6739  -10.1285   73.6406   28.8654   13.7338  -15.2225  -30.2828 -107.9853   43.532    14.9357    4.9226   43.0363  146.0491  -80.277    -5.7354    3.3097   35.3211   58.6847   -2.8464   44.4064    0.7205    4.6502  -85.1162    3.8504  -69.3415   20.3943  -28.7081  -28.0826    7.2354   27.087   -14.8201   12.5784    1.4101   31.6448   -0.612    22.8264   61.665    20.6946   56.6664   22.2969  -44.4663   13.785    27.3419  -10.3597  -59.4011
Coefficients: 3.6414e-04  9.2319e-05  3.8536e-04  8.8826e-05 -6.9296e-05  1.0449e-04  4.8831e-05 -3.5503e-04 -1.3916e-04 -6.6212e-05  7.3389e-05  1.4600e-04  5.2061e-04 -2.0987e-04 -7.2007e-05 -2.3732e-05 -2.0748e-04 -7.0412e-04  3.8702e-04  2.7651e-05 -1.5956e-05 -1.7029e-04 -2.8292e-04  1.3723e-05 -2.1409e-04 -3.4734e-06 -2.2419e-05  4.1035e-04 -1.8563e-05  3.3430e-04 -9.8323e-05  1.3840e-04  1.3539e-04 -3.4882e-05 -1.3059e-04  7.1449e-05 -6.0642e-05 -6.7984e-06 -1.5256e-04  2.9503e-06 -1.1005e-04 -2.9729e-04 -9.9771e-05 -2.7319e-04 -1.0750e-04  2.1438e-04 -6.6459e-05 -1.3182e-04  4.9945e-05  2.8638e-04
Coefficient SE: 0.0002 0.0002 0.0002 0.0002 0.0002 0.0002 0.0002 0.0001 0.0002 0.0002 0.0002 0.0002 0.0003 0.0002 0.0002 0.0002 0.0002 0.0001 0.0003 0.0002 0.0002 0.0002 0.0002 0.0002 0.0002 0.0002 0.0002 0.0003 0.0002 0.0002 0.0002 0.0002 0.0002 0.0002 0.0002 0.0002 0.0002 0.0002 0.0002 0.0002 0.0002 0.0002 0.0002 0.0002 0.0002 0.0002 0.0002 0.0002 0.0002 0.0002
Lambda GC: 1.0084
Mean Chi^2: 0.9991
Intercept: 0.9945 (0.0045)
Ratio: NA (mean chi^2 < 1)
Analysis finished at Mon Oct 27 08:48:46 2025
Total time elapsed: 4.0m:3.03s
