*********************************************************************
* LD Score Regression (LDSC)
* Version 1.0.1
* (C) 2014-2019 Brendan Bulik-Sullivan and Hilary Finucane
* Broad Institute of MIT and Harvard / MIT Department of Mathematics
* GNU General Public License v3
*********************************************************************
Call: 
./ldsc.py \
--h2 /data/sbcs/GuoLab/backup/liq17/CRC_TF_TWAS_zhishan2024/NC_revision_OceanCode/v2_NC_revision/simulation_values_res/sim_y_values/beta1_1_h2_0.05_SNPs_500.sim_y/10M.SIM32.glm.logistic.hybrid.txt \
--ref-ld-chr /data/sbcs/GuoLab/backup/liq17/CRC_TF_TWAS_zhishan2024/NC_revision_OceanCode/v2_NC_revision//84Tracks/ldscores_sim500/ \
--out /data/sbcs/GuoLab/backup/liq17/CRC_TF_TWAS_zhishan2024/NC_revision_OceanCode/v2_NC_revision/simulation_values_res/ldsc_res/y_sim_h2_0.05_SNPs_500/SIM32.ldsc.res.txt \
--w-ld-chr /data/sbcs/GuoLab/backup/liq17/ref/Alkesgroup/eur_w_ld_chr/ 

Beginning analysis at Mon Oct 27 09:36:25 2025
Reading summary statistics from /data/sbcs/GuoLab/backup/liq17/CRC_TF_TWAS_zhishan2024/NC_revision_OceanCode/v2_NC_revision/simulation_values_res/sim_y_values/beta1_1_h2_0.05_SNPs_500.sim_y/10M.SIM32.glm.logistic.hybrid.txt ...
Read summary statistics for 9991229 SNPs.
Reading reference panel LD Score from /data/sbcs/GuoLab/backup/liq17/CRC_TF_TWAS_zhishan2024/NC_revision_OceanCode/v2_NC_revision//84Tracks/ldscores_sim500/[1-22] ... (ldscore_fromlist)
Read reference panel LD Scores for 9991229 SNPs.
Removing partitioned LD Scores with zero variance.
Reading regression weight LD Score from /data/sbcs/GuoLab/backup/liq17/ref/Alkesgroup/eur_w_ld_chr/[1-22] ... (ldscore_fromlist)
Read regression weight LD Scores for 1290028 SNPs.
After merging with reference panel LD, 9991229 SNPs remain.
After merging with regression SNP LD, 1274793 SNPs remain.
Removed 0 SNPs with chi^2 > 80 (1274793 SNPs remain)
Total Observed scale h2: -0.0263 (0.3747)
Categories: SIM1L2_0 SIM2L2_0 SIM3L2_0 SIM4L2_0 SIM5L2_0 SIM6L2_0 SIM7L2_0 SIM8L2_0 SIM9L2_0 SIM10L2_0 SIM11L2_0 SIM12L2_0 SIM13L2_0 SIM14L2_0 SIM15L2_0 SIM16L2_0 SIM17L2_0 SIM18L2_0 SIM19L2_0 SIM20L2_0 SIM21L2_0 SIM22L2_0 SIM23L2_0 SIM24L2_0 SIM25L2_0 SIM26L2_0 SIM27L2_0 SIM28L2_0 SIM29L2_0 SIM30L2_0 SIM31L2_0 SIM32L2_0 SIM33L2_0 SIM34L2_0 SIM35L2_0 SIM36L2_0 SIM37L2_0 SIM38L2_0 SIM39L2_0 SIM40L2_0 SIM41L2_0 SIM42L2_0 SIM43L2_0 SIM44L2_0 SIM45L2_0 SIM46L2_0 SIM47L2_0 SIM48L2_0 SIM49L2_0 SIM50L2_0
Observed scale h2: 0.0382 -0.0301  0.0252  0.0627 -0.0132  0.0036  0.0505 -0.0396  0.0185  0.0496  0.1067 -0.0122  0.0751  0.0194  0.0092  0.0428 -0.0218  0.0714  0.0838  0.0133 -0.0185  0.0121 -0.1113  0.0907  0.1569 -0.0189 -0.0385 -0.0318 -0.0013  0.0063 -0.0826  0.0477 -0.0665 -0.0603 -0.0564 -0.0865 -0.0052 -0.0083  0.0097  0.0491 -0.0769 -0.0286 -0.0296 -0.0608 -0.0956 -0.0143 -0.0289 -0.0811 -0.0197  0.0698
Observed scale h2 SE: 0.0696 0.0651 0.054  0.0606 0.0479 0.0592 0.0649 0.0502 0.0597 0.0545 0.0543 0.0542 0.0601 0.0628 0.0605 0.0634 0.0623 0.0637 0.0664 0.0507 0.0578 0.0584 0.0577 0.0662 0.0672 0.0584 0.0469 0.0486 0.0538 0.0589 0.059  0.0616 0.0513 0.0482 0.053  0.0418 0.0502 0.0545 0.0514 0.064  0.0521 0.05   0.0617 0.0459 0.0499 0.0547 0.0536 0.0531 0.0615 0.0641
Proportion of SNPs: 0.0202 0.02   0.0203 0.0208 0.0199 0.0194 0.0208 0.0197 0.0199 0.0191 0.0191 0.0196 0.0205 0.021  0.0198 0.0203 0.0187 0.0201 0.0202 0.02   0.0197 0.0199 0.0207 0.0216 0.0206 0.0201 0.0202 0.0191 0.0201 0.0202 0.0193 0.0195 0.0208 0.0189 0.0191 0.0203 0.0199 0.0184 0.0188 0.02   0.021  0.0206 0.0193 0.0197 0.0203 0.0199 0.0201 0.0205 0.022  0.0195
Proportion of h2g: -1.4534  1.1452 -0.96   -2.3895  0.5021 -0.1383 -1.9252  1.5098 -0.7035 -1.8886 -4.0653  0.4647 -2.8586 -0.7395 -0.3517 -1.6309  0.8311 -2.7207 -3.1936 -0.5065  0.706  -0.4609  4.2384 -3.4536 -5.9754  0.7188  1.4649  1.2118  0.0499 -0.2415  3.1447 -1.8179  2.5342  2.2953  2.1483  3.2928  0.1965  0.3177 -0.3683 -1.8682  2.9298  1.091   1.1271  2.3158  3.642   0.546   1.1019  3.0908  0.7521 -2.6576
Enrichment: -71.9054   57.2344  -47.3357 -114.7284   25.2656   -7.1287  -92.738    76.5022  -35.2822  -99.1262 -212.6154   23.7119 -139.5401  -35.158   -17.7598  -80.4158   44.4204 -135.0571 -157.9976  -25.3166   35.7739  -23.1936  204.8409 -159.5416 -289.748    35.6812   72.4748   63.3794    2.4878  -11.9496  162.7246  -93.4081  121.6766  121.3463  112.3544  161.8112    9.8908   17.2299  -19.5409  -93.3722  139.2969   52.9021   58.3245  117.3446  179.5756   27.4779   54.6982  150.872    34.2051 -136.0769
Coefficients: 1.2892e-04 -1.0262e-04  8.4868e-05  2.0570e-04 -4.5299e-05  1.2781e-05  1.6627e-04 -1.3716e-04  6.3258e-05  1.7772e-04  3.8120e-04 -4.2513e-05  2.5018e-04  6.3035e-05  3.1842e-05  1.4418e-04 -7.9642e-05  2.4214e-04  2.8328e-04  4.5390e-05 -6.4139e-05  4.1584e-05 -3.6726e-04  2.8604e-04  5.1949e-04 -6.3973e-05 -1.2994e-04 -1.1363e-04 -4.4604e-06  2.1425e-05 -2.9175e-04  1.6747e-04 -2.1815e-04 -2.1756e-04 -2.0144e-04 -2.9011e-04 -1.7733e-05 -3.0892e-05  3.5035e-05  1.6741e-04 -2.4975e-04 -9.4848e-05 -1.0457e-04 -2.1039e-04 -3.2196e-04 -4.9265e-05 -9.8069e-05 -2.7050e-04 -6.1326e-05  2.4397e-04
Coefficient SE: 0.0002 0.0002 0.0002 0.0002 0.0002 0.0002 0.0002 0.0002 0.0002 0.0002 0.0002 0.0002 0.0002 0.0002 0.0002 0.0002 0.0002 0.0002 0.0002 0.0002 0.0002 0.0002 0.0002 0.0002 0.0002 0.0002 0.0002 0.0002 0.0002 0.0002 0.0002 0.0002 0.0002 0.0002 0.0002 0.0001 0.0002 0.0002 0.0002 0.0002 0.0002 0.0002 0.0002 0.0002 0.0002 0.0002 0.0002 0.0002 0.0002 0.0002
Lambda GC: 1.0206
Mean Chi^2: 1.012
Intercept: 0.9999 (0.0047)
Ratio < 0 (usually indicates GC correction).
Analysis finished at Mon Oct 27 09:39:47 2025
Total time elapsed: 3.0m:21.73s
