*********************************************************************
* LD Score Regression (LDSC)
* Version 1.0.1
* (C) 2014-2019 Brendan Bulik-Sullivan and Hilary Finucane
* Broad Institute of MIT and Harvard / MIT Department of Mathematics
* GNU General Public License v3
*********************************************************************
Call: 
./ldsc.py \
--h2 /data/sbcs/GuoLab/backup/liq17/CRC_TF_TWAS_zhishan2024/NC_revision_OceanCode/v2_NC_revision/simulation_values_res/sim_y_values/beta1_1_h2_0.05_SNPs_500.sim_y/10M.SIM30.glm.logistic.hybrid.txt \
--ref-ld-chr /data/sbcs/GuoLab/backup/liq17/CRC_TF_TWAS_zhishan2024/NC_revision_OceanCode/v2_NC_revision//84Tracks/ldscores_sim500/ \
--out /data/sbcs/GuoLab/backup/liq17/CRC_TF_TWAS_zhishan2024/NC_revision_OceanCode/v2_NC_revision/simulation_values_res/ldsc_res/y_sim_h2_0.05_SNPs_500/SIM30.ldsc.res.txt \
--w-ld-chr /data/sbcs/GuoLab/backup/liq17/ref/Alkesgroup/eur_w_ld_chr/ 

Beginning analysis at Mon Oct 27 09:28:43 2025
Reading summary statistics from /data/sbcs/GuoLab/backup/liq17/CRC_TF_TWAS_zhishan2024/NC_revision_OceanCode/v2_NC_revision/simulation_values_res/sim_y_values/beta1_1_h2_0.05_SNPs_500.sim_y/10M.SIM30.glm.logistic.hybrid.txt ...
Read summary statistics for 9991229 SNPs.
Reading reference panel LD Score from /data/sbcs/GuoLab/backup/liq17/CRC_TF_TWAS_zhishan2024/NC_revision_OceanCode/v2_NC_revision//84Tracks/ldscores_sim500/[1-22] ... (ldscore_fromlist)
Read reference panel LD Scores for 9991229 SNPs.
Removing partitioned LD Scores with zero variance.
Reading regression weight LD Score from /data/sbcs/GuoLab/backup/liq17/ref/Alkesgroup/eur_w_ld_chr/[1-22] ... (ldscore_fromlist)
Read regression weight LD Scores for 1290028 SNPs.
After merging with reference panel LD, 9991229 SNPs remain.
After merging with regression SNP LD, 1274793 SNPs remain.
Removed 0 SNPs with chi^2 > 80 (1274793 SNPs remain)
Total Observed scale h2: 0.1891 (0.3689)
Categories: SIM1L2_0 SIM2L2_0 SIM3L2_0 SIM4L2_0 SIM5L2_0 SIM6L2_0 SIM7L2_0 SIM8L2_0 SIM9L2_0 SIM10L2_0 SIM11L2_0 SIM12L2_0 SIM13L2_0 SIM14L2_0 SIM15L2_0 SIM16L2_0 SIM17L2_0 SIM18L2_0 SIM19L2_0 SIM20L2_0 SIM21L2_0 SIM22L2_0 SIM23L2_0 SIM24L2_0 SIM25L2_0 SIM26L2_0 SIM27L2_0 SIM28L2_0 SIM29L2_0 SIM30L2_0 SIM31L2_0 SIM32L2_0 SIM33L2_0 SIM34L2_0 SIM35L2_0 SIM36L2_0 SIM37L2_0 SIM38L2_0 SIM39L2_0 SIM40L2_0 SIM41L2_0 SIM42L2_0 SIM43L2_0 SIM44L2_0 SIM45L2_0 SIM46L2_0 SIM47L2_0 SIM48L2_0 SIM49L2_0 SIM50L2_0
Observed scale h2: 0.001  -0.1219 -0.017   0.0564  0.0087 -0.0377 -0.0657 -0.0063  0.0649  0.0702  0.0223 -0.0408 -0.0419 -0.014   0.0221  0.1237 -0.0442 -0.0078  0.0147  0.0435  0.0274  0.0344 -0.0066 -0.0199  0.055   0.0442 -0.0222 -0.0536 -0.0176 -0.0335 -0.0782 -0.0352 -0.0221  0.015  -0.0884  0.0417 -0.0033  0.0382 -0.0174  0.0052 -0.0533  0.0898  0.0586  0.0137  0.1106  0.0721 -0.028   0.0616  0.0206 -0.05
Observed scale h2 SE: 0.0619 0.0525 0.0621 0.0501 0.053  0.0666 0.0543 0.0585 0.066  0.0573 0.0738 0.0589 0.0489 0.0572 0.0593 0.0733 0.0522 0.0609 0.0605 0.0627 0.0521 0.0649 0.0707 0.0566 0.0585 0.0671 0.0512 0.0506 0.0547 0.0548 0.0487 0.0494 0.0586 0.0632 0.0426 0.065  0.0555 0.0655 0.0497 0.0646 0.0591 0.0609 0.0662 0.0639 0.0636 0.063  0.0448 0.0687 0.0673 0.0537
Proportion of SNPs: 0.0202 0.02   0.0203 0.0208 0.0199 0.0194 0.0208 0.0197 0.0199 0.0191 0.0191 0.0196 0.0205 0.021  0.0198 0.0203 0.0187 0.0201 0.0202 0.02   0.0197 0.0199 0.0207 0.0216 0.0206 0.0201 0.0202 0.0191 0.0201 0.0202 0.0193 0.0195 0.0208 0.0189 0.0191 0.0203 0.0199 0.0184 0.0188 0.02   0.021  0.0206 0.0193 0.0197 0.0203 0.0199 0.0201 0.0205 0.022  0.0195
Proportion of h2g: 0.0051 -0.6447 -0.0897  0.298   0.0462 -0.1996 -0.3472 -0.0335  0.3433  0.3712  0.1177 -0.2155 -0.2217 -0.0738  0.1171  0.6541 -0.234  -0.0413  0.0779  0.23    0.1451  0.1819 -0.0349 -0.1055  0.2908  0.2338 -0.1172 -0.2834 -0.0929 -0.1771 -0.4138 -0.1864 -0.1169  0.0794 -0.4675  0.2207 -0.0175  0.2021 -0.092   0.0274 -0.2821  0.4751  0.3101  0.0723  0.5849  0.3815 -0.1478  0.3255  0.1087 -0.2643
Enrichment: 0.2543 -32.2218  -4.4218  14.3076   2.3243 -10.2896 -16.7244  -1.6963  17.2161  19.4833   6.1581 -10.9955 -10.8213  -3.5082   5.914   32.2534 -12.5042  -2.0477   3.8535  11.494    7.3538   9.1542  -1.6856  -4.8728  14.1028  11.6081  -5.7994 -14.8244  -4.6271  -8.7634 -21.4102  -9.5759  -5.6111   4.1951 -24.4505  10.8442  -0.879   10.9636  -4.8795   1.368  -13.4105  23.0359  16.0446   3.6638  28.8394  19.1982  -7.3369  15.8876   4.9431 -13.5339
Coefficients: 3.2838e-06 -4.1610e-04 -5.7102e-05  1.8476e-04  3.0016e-05 -1.3288e-04 -2.1597e-04 -2.1906e-05  2.2232e-04  2.5160e-04  7.9524e-05 -1.4199e-04 -1.3974e-04 -4.5304e-05  7.6373e-05  4.1651e-04 -1.6148e-04 -2.6443e-05  4.9763e-05  1.4843e-04  9.4965e-05  1.1822e-04 -2.1767e-05 -6.2927e-05  1.8212e-04  1.4990e-04 -7.4892e-05 -1.9144e-04 -5.9753e-05 -1.1317e-04 -2.7649e-04 -1.2366e-04 -7.2461e-05  5.4174e-05 -3.1575e-04  1.4004e-04 -1.1351e-05  1.4158e-04 -6.3012e-05  1.7666e-05 -1.7318e-04  2.9748e-04  2.0720e-04  4.7314e-05  3.7243e-04  2.4792e-04 -9.4748e-05  2.0517e-04  6.3834e-05 -1.7477e-04
Coefficient SE: 0.0002 0.0002 0.0002 0.0002 0.0002 0.0002 0.0002 0.0002 0.0002 0.0002 0.0003 0.0002 0.0002 0.0002 0.0002 0.0002 0.0002 0.0002 0.0002 0.0002 0.0002 0.0002 0.0002 0.0002 0.0002 0.0002 0.0002 0.0002 0.0002 0.0002 0.0002 0.0002 0.0002 0.0002 0.0002 0.0002 0.0002 0.0002 0.0002 0.0002 0.0002 0.0002 0.0002 0.0002 0.0002 0.0002 0.0002 0.0002 0.0002 0.0002
Lambda GC: 1.0175
Mean Chi^2: 1.0061
Intercept: 0.9985 (0.0045)
Ratio < 0 (usually indicates GC correction).
Analysis finished at Mon Oct 27 09:32:09 2025
Total time elapsed: 3.0m:25.31s
