*********************************************************************
* LD Score Regression (LDSC)
* Version 1.0.1
* (C) 2014-2019 Brendan Bulik-Sullivan and Hilary Finucane
* Broad Institute of MIT and Harvard / MIT Department of Mathematics
* GNU General Public License v3
*********************************************************************
Call: 
./ldsc.py \
--h2 /data/sbcs/GuoLab/backup/liq17/CRC_TF_TWAS_zhishan2024/NC_revision_OceanCode/v2_NC_revision/simulation_values_res/sim_y_values/beta1_1_h2_0.05_SNPs_500.sim_y/10M.SIM34.glm.logistic.hybrid.txt \
--ref-ld-chr /data/sbcs/GuoLab/backup/liq17/CRC_TF_TWAS_zhishan2024/NC_revision_OceanCode/v2_NC_revision//84Tracks/ldscores_sim500/ \
--out /data/sbcs/GuoLab/backup/liq17/CRC_TF_TWAS_zhishan2024/NC_revision_OceanCode/v2_NC_revision/simulation_values_res/ldsc_res/y_sim_h2_0.05_SNPs_500/SIM34.ldsc.res.txt \
--w-ld-chr /data/sbcs/GuoLab/backup/liq17/ref/Alkesgroup/eur_w_ld_chr/ 

Beginning analysis at Mon Oct 27 09:43:13 2025
Reading summary statistics from /data/sbcs/GuoLab/backup/liq17/CRC_TF_TWAS_zhishan2024/NC_revision_OceanCode/v2_NC_revision/simulation_values_res/sim_y_values/beta1_1_h2_0.05_SNPs_500.sim_y/10M.SIM34.glm.logistic.hybrid.txt ...
Read summary statistics for 9991229 SNPs.
Reading reference panel LD Score from /data/sbcs/GuoLab/backup/liq17/CRC_TF_TWAS_zhishan2024/NC_revision_OceanCode/v2_NC_revision//84Tracks/ldscores_sim500/[1-22] ... (ldscore_fromlist)
Read reference panel LD Scores for 9991229 SNPs.
Removing partitioned LD Scores with zero variance.
Reading regression weight LD Score from /data/sbcs/GuoLab/backup/liq17/ref/Alkesgroup/eur_w_ld_chr/[1-22] ... (ldscore_fromlist)
Read regression weight LD Scores for 1290028 SNPs.
After merging with reference panel LD, 9991229 SNPs remain.
After merging with regression SNP LD, 1274793 SNPs remain.
Removed 0 SNPs with chi^2 > 80 (1274793 SNPs remain)
Total Observed scale h2: -0.14 (0.3691)
Categories: SIM1L2_0 SIM2L2_0 SIM3L2_0 SIM4L2_0 SIM5L2_0 SIM6L2_0 SIM7L2_0 SIM8L2_0 SIM9L2_0 SIM10L2_0 SIM11L2_0 SIM12L2_0 SIM13L2_0 SIM14L2_0 SIM15L2_0 SIM16L2_0 SIM17L2_0 SIM18L2_0 SIM19L2_0 SIM20L2_0 SIM21L2_0 SIM22L2_0 SIM23L2_0 SIM24L2_0 SIM25L2_0 SIM26L2_0 SIM27L2_0 SIM28L2_0 SIM29L2_0 SIM30L2_0 SIM31L2_0 SIM32L2_0 SIM33L2_0 SIM34L2_0 SIM35L2_0 SIM36L2_0 SIM37L2_0 SIM38L2_0 SIM39L2_0 SIM40L2_0 SIM41L2_0 SIM42L2_0 SIM43L2_0 SIM44L2_0 SIM45L2_0 SIM46L2_0 SIM47L2_0 SIM48L2_0 SIM49L2_0 SIM50L2_0
Observed scale h2: 0.0271 -0.0093 -0.034  -0.0592  0.1062  0.0199  0.0108 -0.0485  0.0158 -0.0361  0.0261 -0.0692 -0.0741 -0.0031 -0.0929 -0.023  -0.0482 -0.0146 -0.0436  0.0729 -0.0058 -0.0335 -0.0204 -0.0201  0.0779 -0.0333  0.0599  0.0029  0.0811 -0.0546  0.0325  0.0336 -0.0343  0.0939  0.0208  0.0248  0.0349 -0.0091 -0.0475  0.0094 -0.0153  0.0515 -0.0065  0.1034 -0.0176 -0.0051  0.0279  0.0105 -0.1214 -0.1035
Observed scale h2 SE: 0.0554 0.0627 0.0512 0.053  0.0669 0.0551 0.0538 0.0479 0.0555 0.0499 0.0519 0.0547 0.0536 0.0521 0.0585 0.0461 0.0545 0.0514 0.0565 0.0698 0.0553 0.0692 0.0632 0.0692 0.0801 0.0555 0.0598 0.0492 0.0609 0.0453 0.0586 0.0544 0.0567 0.0569 0.0569 0.0623 0.0595 0.0545 0.05   0.0554 0.0546 0.0542 0.0546 0.0647 0.0654 0.0562 0.0645 0.0576 0.056  0.0456
Proportion of SNPs: 0.0202 0.02   0.0203 0.0208 0.0199 0.0194 0.0208 0.0197 0.0199 0.0191 0.0191 0.0196 0.0205 0.021  0.0198 0.0203 0.0187 0.0201 0.0202 0.02   0.0197 0.0199 0.0207 0.0216 0.0206 0.0201 0.0202 0.0191 0.0201 0.0202 0.0193 0.0195 0.0208 0.0189 0.0191 0.0203 0.0199 0.0184 0.0188 0.02   0.021  0.0206 0.0193 0.0197 0.0203 0.0199 0.0201 0.0205 0.022  0.0195
Proportion of h2g: -0.1934  0.0665  0.2428  0.4226 -0.7583 -0.1424 -0.0769  0.3466 -0.1132  0.2575 -0.1864  0.4945  0.529   0.0218  0.6637  0.1642  0.3445  0.1045  0.3111 -0.5205  0.0416  0.2394  0.1454  0.1438 -0.5566  0.2376 -0.4278 -0.021  -0.5795  0.3903 -0.2324 -0.2398  0.245  -0.6706 -0.1484 -0.1772 -0.2495  0.0652  0.3395 -0.0669  0.1093 -0.3679  0.0468 -0.7383  0.1257  0.0363 -0.1993 -0.075   0.8671  0.7391
Enrichment: -9.569    3.3256  11.9703  20.2925 -38.1586  -7.3405  -3.7047  17.5651  -5.6769  13.517   -9.7507  25.2334  25.8227   1.0362  33.5166   8.0941  18.41     5.1856  15.3915 -26.0157   2.1062  12.0451   7.0262   6.6445 -26.9904  11.7954 -21.1629  -1.0984 -28.8663  19.307  -12.0278 -12.3208  11.7625 -35.4504  -7.7627  -8.7056 -12.5545   3.5366  18.0134  -3.3416   5.1961 -17.8384   2.4194 -37.4086   6.1959   1.825   -9.8949  -3.6621  39.4326  37.844
Coefficients: 9.1495e-05 -3.1798e-05 -1.1446e-04 -1.9403e-04  3.6486e-04  7.0188e-05  3.5423e-05 -1.6795e-04  5.4281e-05 -1.2925e-04  9.3233e-05 -2.4127e-04 -2.4691e-04 -9.9075e-06 -3.2048e-04 -7.7394e-05 -1.7603e-04 -4.9583e-05 -1.4717e-04  2.4875e-04 -2.0139e-05 -1.1517e-04 -6.7182e-05 -6.3533e-05  2.5807e-04 -1.1278e-04  2.0235e-04  1.0502e-05  2.7601e-04 -1.8461e-04  1.1501e-04  1.1781e-04 -1.1247e-04  3.3897e-04  7.4225e-05  8.3240e-05  1.2004e-04 -3.3816e-05 -1.7224e-04  3.1952e-05 -4.9683e-05  1.7057e-04 -2.3134e-05  3.5769e-04 -5.9243e-05 -1.7450e-05  9.4612e-05  3.5016e-05 -3.7704e-04 -3.6185e-04
Coefficient SE: 0.0002 0.0002 0.0002 0.0002 0.0002 0.0002 0.0002 0.0002 0.0002 0.0002 0.0002 0.0002 0.0002 0.0002 0.0002 0.0002 0.0002 0.0002 0.0002 0.0002 0.0002 0.0002 0.0002 0.0002 0.0003 0.0002 0.0002 0.0002 0.0002 0.0002 0.0002 0.0002 0.0002 0.0002 0.0002 0.0002 0.0002 0.0002 0.0002 0.0002 0.0002 0.0002 0.0002 0.0002 0.0002 0.0002 0.0002 0.0002 0.0002 0.0002
Lambda GC: 1.0172
Mean Chi^2: 1.0017
Intercept: 1.0009 (0.0042)
Ratio: 0.5238 (2.4771)
Analysis finished at Mon Oct 27 09:47:19 2025
Total time elapsed: 4.0m:6.15s
