*********************************************************************
* LD Score Regression (LDSC)
* Version 1.0.1
* (C) 2014-2019 Brendan Bulik-Sullivan and Hilary Finucane
* Broad Institute of MIT and Harvard / MIT Department of Mathematics
* GNU General Public License v3
*********************************************************************
Call: 
./ldsc.py \
--h2 /data/sbcs/GuoLab/backup/liq17/CRC_TF_TWAS_zhishan2024/NC_revision_OceanCode/v2_NC_revision/simulation_values_res/sim_y_values/beta1_1_h2_0.05_SNPs_500.sim_y/10M.SIM3.glm.logistic.hybrid.txt \
--ref-ld-chr /data/sbcs/GuoLab/backup/liq17/CRC_TF_TWAS_zhishan2024/NC_revision_OceanCode/v2_NC_revision//84Tracks/ldscores_sim500/ \
--out /data/sbcs/GuoLab/backup/liq17/CRC_TF_TWAS_zhishan2024/NC_revision_OceanCode/v2_NC_revision/simulation_values_res/ldsc_res/y_sim_h2_0.05_SNPs_500/SIM3.ldsc.res.txt \
--w-ld-chr /data/sbcs/GuoLab/backup/liq17/ref/Alkesgroup/eur_w_ld_chr/ 

Beginning analysis at Mon Oct 27 07:43:23 2025
Reading summary statistics from /data/sbcs/GuoLab/backup/liq17/CRC_TF_TWAS_zhishan2024/NC_revision_OceanCode/v2_NC_revision/simulation_values_res/sim_y_values/beta1_1_h2_0.05_SNPs_500.sim_y/10M.SIM3.glm.logistic.hybrid.txt ...
Read summary statistics for 9991229 SNPs.
Reading reference panel LD Score from /data/sbcs/GuoLab/backup/liq17/CRC_TF_TWAS_zhishan2024/NC_revision_OceanCode/v2_NC_revision//84Tracks/ldscores_sim500/[1-22] ... (ldscore_fromlist)
Read reference panel LD Scores for 9991229 SNPs.
Removing partitioned LD Scores with zero variance.
Reading regression weight LD Score from /data/sbcs/GuoLab/backup/liq17/ref/Alkesgroup/eur_w_ld_chr/[1-22] ... (ldscore_fromlist)
Read regression weight LD Scores for 1290028 SNPs.
After merging with reference panel LD, 9991229 SNPs remain.
After merging with regression SNP LD, 1274793 SNPs remain.
Removed 0 SNPs with chi^2 > 80 (1274793 SNPs remain)
Total Observed scale h2: 0.063 (0.3821)
Categories: SIM1L2_0 SIM2L2_0 SIM3L2_0 SIM4L2_0 SIM5L2_0 SIM6L2_0 SIM7L2_0 SIM8L2_0 SIM9L2_0 SIM10L2_0 SIM11L2_0 SIM12L2_0 SIM13L2_0 SIM14L2_0 SIM15L2_0 SIM16L2_0 SIM17L2_0 SIM18L2_0 SIM19L2_0 SIM20L2_0 SIM21L2_0 SIM22L2_0 SIM23L2_0 SIM24L2_0 SIM25L2_0 SIM26L2_0 SIM27L2_0 SIM28L2_0 SIM29L2_0 SIM30L2_0 SIM31L2_0 SIM32L2_0 SIM33L2_0 SIM34L2_0 SIM35L2_0 SIM36L2_0 SIM37L2_0 SIM38L2_0 SIM39L2_0 SIM40L2_0 SIM41L2_0 SIM42L2_0 SIM43L2_0 SIM44L2_0 SIM45L2_0 SIM46L2_0 SIM47L2_0 SIM48L2_0 SIM49L2_0 SIM50L2_0
Observed scale h2: 0.0179  0.0144  0.0621  0.0571  0.0654  0.0425  0.0911 -0.0086  0.0063 -0.035   0.0996 -0.0278 -0.0615 -0.0679 -0.1313  0.0023  0.0273  0.0016  0.1009  0.0776 -0.0877 -0.0631  0.0426  0.023   0.0059 -0.0053  0.0168 -0.1526  0.007  -0.0243  0.0074 -0.0229  0.0633 -0.015   0.0324  0.0942 -0.0732 -0.026  -0.0408  0.0024  0.0056  0.0565  0.0298 -0.1208  0.028  -0.0569 -0.0845  0.1273 -0.0014 -0.0391
Observed scale h2 SE: 0.0624 0.0606 0.0626 0.0604 0.0584 0.0617 0.0611 0.062  0.0525 0.049  0.0649 0.0506 0.051  0.0533 0.0502 0.0692 0.0554 0.0577 0.0657 0.068  0.0474 0.0464 0.0636 0.078  0.0653 0.0553 0.0592 0.0403 0.0552 0.0606 0.053  0.0517 0.0765 0.0555 0.0527 0.062  0.0452 0.0502 0.0509 0.0619 0.0587 0.0646 0.0725 0.0463 0.0548 0.0515 0.0563 0.0716 0.0649 0.0512
Proportion of SNPs: 0.0202 0.02   0.0203 0.0208 0.0199 0.0194 0.0208 0.0197 0.0199 0.0191 0.0191 0.0196 0.0205 0.021  0.0198 0.0203 0.0187 0.0201 0.0202 0.02   0.0197 0.0199 0.0207 0.0216 0.0206 0.0201 0.0202 0.0191 0.0201 0.0202 0.0193 0.0195 0.0208 0.0189 0.0191 0.0203 0.0199 0.0184 0.0188 0.02   0.021  0.0206 0.0193 0.0197 0.0203 0.0199 0.0201 0.0205 0.022  0.0195
Proportion of h2g: 0.2839  0.2287  0.9856  0.906   1.0376  0.6742  1.4457 -0.1362  0.1004 -0.556   1.5809 -0.4412 -0.9752 -1.0768 -2.0826  0.0361  0.4325  0.0258  1.6013  1.2307 -1.3909 -1.0013  0.6753  0.3653  0.0929 -0.0836  0.2661 -2.4206  0.1116 -0.3853  0.1169 -0.3634  1.0044 -0.2378  0.5148  1.495  -1.1614 -0.4121 -0.6475  0.0382  0.0894  0.8961  0.4732 -1.9161  0.4448 -0.903  -1.3401  2.0198 -0.0219 -0.6204
Enrichment: 14.0474   11.4325   48.5974   43.4989   52.2172   34.7624   69.6398   -6.9022    5.0351  -29.1822   82.6816  -22.5136  -47.6007  -51.1965 -105.1629    1.7778   23.1153    1.2789   79.2222   61.5082  -70.4784  -50.3871   32.6349   16.8745    4.5061   -4.1503   13.163  -126.5965    5.5607  -19.0595    6.0494  -18.6724   48.2225  -12.5718   26.9259   73.4662  -58.4445  -22.3512  -34.3569    1.9069    4.2507   43.4533   24.4868  -97.0896   21.9309  -45.4396  -66.5211   98.592    -0.9939  -31.7672
Coefficients: 6.0457e-05  4.9204e-05  2.0915e-04  1.8721e-04  2.2473e-04  1.4961e-04  2.9972e-04 -2.9706e-05  2.1670e-05 -1.2559e-04  3.5585e-04 -9.6894e-05 -2.0486e-04 -2.2034e-04 -4.5260e-04  7.6513e-06  9.9484e-05  5.5040e-06  3.4096e-04  2.6472e-04 -3.0333e-04 -2.1686e-04  1.4045e-04  7.2625e-05  1.9394e-05 -1.7862e-05  5.6651e-05 -5.4485e-04  2.3932e-05 -8.2029e-05  2.6036e-05 -8.0363e-05  2.0754e-04 -5.4107e-05  1.1588e-04  3.1619e-04 -2.5153e-04 -9.6196e-05 -1.4787e-04  8.2067e-06  1.8294e-05  1.8702e-04  1.0539e-04 -4.1786e-04  9.4387e-05 -1.9556e-04 -2.8629e-04  4.2432e-04 -4.2774e-06 -1.3672e-04
Coefficient SE: 0.0002 0.0002 0.0002 0.0002 0.0002 0.0002 0.0002 0.0002 0.0002 0.0002 0.0002 0.0002 0.0002 0.0002 0.0002 0.0002 0.0002 0.0002 0.0002 0.0002 0.0002 0.0002 0.0002 0.0002 0.0002 0.0002 0.0002 0.0001 0.0002 0.0002 0.0002 0.0002 0.0003 0.0002 0.0002 0.0002 0.0002 0.0002 0.0002 0.0002 0.0002 0.0002 0.0003 0.0002 0.0002 0.0002 0.0002 0.0002 0.0002 0.0002
Lambda GC: 1.0161
Mean Chi^2: 1.0043
Intercept: 1.0013 (0.0041)
Ratio: 0.2908 (0.9543)
Analysis finished at Mon Oct 27 07:46:46 2025
Total time elapsed: 3.0m:22.41s
