*********************************************************************
* LD Score Regression (LDSC)
* Version 1.0.1
* (C) 2014-2019 Brendan Bulik-Sullivan and Hilary Finucane
* Broad Institute of MIT and Harvard / MIT Department of Mathematics
* GNU General Public License v3
*********************************************************************
Call: 
./ldsc.py \
--h2 /data/sbcs/GuoLab/backup/liq17/CRC_TF_TWAS_zhishan2024/NC_revision_OceanCode/v2_NC_revision/simulation_values_res/sim_y_values/beta1_1_h2_0.05_SNPs_500.sim_y/10M.SIM49.glm.logistic.hybrid.txt \
--ref-ld-chr /data/sbcs/GuoLab/backup/liq17/CRC_TF_TWAS_zhishan2024/NC_revision_OceanCode/v2_NC_revision//84Tracks/ldscores_sim500/ \
--out /data/sbcs/GuoLab/backup/liq17/CRC_TF_TWAS_zhishan2024/NC_revision_OceanCode/v2_NC_revision/simulation_values_res/ldsc_res/y_sim_h2_0.05_SNPs_500/SIM49.ldsc.res.txt \
--w-ld-chr /data/sbcs/GuoLab/backup/liq17/ref/Alkesgroup/eur_w_ld_chr/ 

Beginning analysis at Mon Oct 27 10:41:59 2025
Reading summary statistics from /data/sbcs/GuoLab/backup/liq17/CRC_TF_TWAS_zhishan2024/NC_revision_OceanCode/v2_NC_revision/simulation_values_res/sim_y_values/beta1_1_h2_0.05_SNPs_500.sim_y/10M.SIM49.glm.logistic.hybrid.txt ...
Read summary statistics for 9991229 SNPs.
Reading reference panel LD Score from /data/sbcs/GuoLab/backup/liq17/CRC_TF_TWAS_zhishan2024/NC_revision_OceanCode/v2_NC_revision//84Tracks/ldscores_sim500/[1-22] ... (ldscore_fromlist)
Read reference panel LD Scores for 9991229 SNPs.
Removing partitioned LD Scores with zero variance.
Reading regression weight LD Score from /data/sbcs/GuoLab/backup/liq17/ref/Alkesgroup/eur_w_ld_chr/[1-22] ... (ldscore_fromlist)
Read regression weight LD Scores for 1290028 SNPs.
After merging with reference panel LD, 9991229 SNPs remain.
After merging with regression SNP LD, 1274793 SNPs remain.
Removed 0 SNPs with chi^2 > 80 (1274793 SNPs remain)
Total Observed scale h2: 0.0299 (0.3616)
Categories: SIM1L2_0 SIM2L2_0 SIM3L2_0 SIM4L2_0 SIM5L2_0 SIM6L2_0 SIM7L2_0 SIM8L2_0 SIM9L2_0 SIM10L2_0 SIM11L2_0 SIM12L2_0 SIM13L2_0 SIM14L2_0 SIM15L2_0 SIM16L2_0 SIM17L2_0 SIM18L2_0 SIM19L2_0 SIM20L2_0 SIM21L2_0 SIM22L2_0 SIM23L2_0 SIM24L2_0 SIM25L2_0 SIM26L2_0 SIM27L2_0 SIM28L2_0 SIM29L2_0 SIM30L2_0 SIM31L2_0 SIM32L2_0 SIM33L2_0 SIM34L2_0 SIM35L2_0 SIM36L2_0 SIM37L2_0 SIM38L2_0 SIM39L2_0 SIM40L2_0 SIM41L2_0 SIM42L2_0 SIM43L2_0 SIM44L2_0 SIM45L2_0 SIM46L2_0 SIM47L2_0 SIM48L2_0 SIM49L2_0 SIM50L2_0
Observed scale h2: 0.0399 -0.0584 -0.0292  0.0803 -0.0917  0.012  -0.0368  0.1275  0.0348 -0.0146  0.1122 -0.001   0.0213 -0.0693 -0.0746 -0.0946 -0.0548  0.0222  0.0675 -0.0966  0.0522  0.0105 -0.0605 -0.0088  0.0119 -0.0227 -0.0777 -0.0004 -0.0002  0.0507  0.0153  0.0573  0.0549  0.0715  0.052  -0.0459  0.0031  0.1298  0.0424 -0.0406 -0.1016 -0.0344 -0.0695  0.0497 -0.0284  0.0078  0.0344 -0.089   0.0554  0.0148
Observed scale h2 SE: 0.0584 0.0443 0.059  0.0677 0.0555 0.0497 0.0442 0.0682 0.0649 0.0512 0.0826 0.0586 0.0578 0.0445 0.0549 0.0609 0.0492 0.0674 0.0664 0.0465 0.0602 0.0595 0.0554 0.0611 0.0547 0.06   0.0501 0.0556 0.06   0.0637 0.0549 0.0487 0.0603 0.0748 0.0547 0.0527 0.0572 0.0722 0.0532 0.0563 0.0455 0.0529 0.0504 0.0561 0.0485 0.0642 0.0645 0.0486 0.0696 0.0685
Proportion of SNPs: 0.0202 0.02   0.0203 0.0208 0.0199 0.0194 0.0208 0.0197 0.0199 0.0191 0.0191 0.0196 0.0205 0.021  0.0198 0.0203 0.0187 0.0201 0.0202 0.02   0.0197 0.0199 0.0207 0.0216 0.0206 0.0201 0.0202 0.0191 0.0201 0.0202 0.0193 0.0195 0.0208 0.0189 0.0191 0.0203 0.0199 0.0184 0.0188 0.02   0.021  0.0206 0.0193 0.0197 0.0203 0.0199 0.0201 0.0205 0.022  0.0195
Proportion of h2g: 1.3367 -1.956  -0.978   2.6888 -3.0695  0.4011 -1.2309  4.2659  1.1636 -0.488   3.7551 -0.035   0.7123 -2.3191 -2.497  -3.1671 -1.8334  0.7422  2.2606 -3.2323  1.7456  0.3498 -2.025  -0.2943  0.3986 -0.7586 -2.6018 -0.0141 -0.008   1.6962  0.5132  1.9173  1.8362  2.3938  1.7392 -1.5368  0.1038  4.3426  1.4206 -1.3601 -3.3992 -1.1525 -2.3253  1.6624 -0.949   0.2611  1.1508 -2.9784  1.8556  0.4967
Enrichment: 66.1299  -97.7605  -48.2206  129.0981 -154.4672   20.6822  -59.2921  216.1573   58.3562  -25.6146  196.3909   -1.7879   34.7688 -110.262  -126.0923 -156.1602  -97.9855   36.8448  111.841  -161.5497   88.45     17.6005  -97.8681  -13.5969   19.327   -37.6584 -128.7198   -0.7391   -0.3997   83.9181   26.5551   98.5176   88.1618  126.5518   90.9612  -75.5195    5.2221  235.5284   75.3752  -67.9777 -161.6181  -55.8853 -120.3237   84.2336  -46.7905   13.1383   57.1252 -145.3864   84.3897   25.4299
Coefficients: 1.3494e-04 -1.9948e-04 -9.8392e-05  2.6342e-04 -3.1518e-04  4.2201e-05 -1.2098e-04  4.4106e-04  1.1907e-04 -5.2265e-05  4.0073e-04 -3.6481e-06  7.0944e-05 -2.2498e-04 -2.5729e-04 -3.1864e-04 -1.9994e-04  7.5180e-05  2.2821e-04 -3.2964e-04  1.8048e-04  3.5913e-05 -1.9970e-04 -2.7744e-05  3.9436e-05 -7.6840e-05 -2.6265e-04 -1.5080e-06 -8.1557e-07  1.7123e-04  5.4185e-05  2.0102e-04  1.7989e-04  2.5822e-04  1.8560e-04 -1.5409e-04  1.0655e-05  4.8059e-04  1.5380e-04 -1.3871e-04 -3.2977e-04 -1.1403e-04 -2.4552e-04  1.7188e-04 -9.5474e-05  2.6808e-05  1.1656e-04 -2.9665e-04  1.7219e-04  5.1889e-05
Coefficient SE: 0.0002 0.0002 0.0002 0.0002 0.0002 0.0002 0.0001 0.0002 0.0002 0.0002 0.0003 0.0002 0.0002 0.0001 0.0002 0.0002 0.0002 0.0002 0.0002 0.0002 0.0002 0.0002 0.0002 0.0002 0.0002 0.0002 0.0002 0.0002 0.0002 0.0002 0.0002 0.0002 0.0002 0.0003 0.0002 0.0002 0.0002 0.0003 0.0002 0.0002 0.0001 0.0002 0.0002 0.0002 0.0002 0.0002 0.0002 0.0002 0.0002 0.0002
Lambda GC: 1.0094
Mean Chi^2: 0.9992
Intercept: 0.995 (0.0046)
Ratio: NA (mean chi^2 < 1)
Analysis finished at Mon Oct 27 10:45:31 2025
Total time elapsed: 3.0m:32.29s
