*********************************************************************
* LD Score Regression (LDSC)
* Version 1.0.1
* (C) 2014-2019 Brendan Bulik-Sullivan and Hilary Finucane
* Broad Institute of MIT and Harvard / MIT Department of Mathematics
* GNU General Public License v3
*********************************************************************
Call: 
./ldsc.py \
--h2 /data/sbcs/GuoLab/backup/liq17/CRC_TF_TWAS_zhishan2024/NC_revision_OceanCode/v2_NC_revision/simulation_values_res/sim_y_values/beta1_1_h2_0.05_SNPs_500.sim_y/10M.SIM45.glm.logistic.hybrid.txt \
--ref-ld-chr /data/sbcs/GuoLab/backup/liq17/CRC_TF_TWAS_zhishan2024/NC_revision_OceanCode/v2_NC_revision//84Tracks/ldscores_sim500/ \
--out /data/sbcs/GuoLab/backup/liq17/CRC_TF_TWAS_zhishan2024/NC_revision_OceanCode/v2_NC_revision/simulation_values_res/ldsc_res/y_sim_h2_0.05_SNPs_500/SIM45.ldsc.res.txt \
--w-ld-chr /data/sbcs/GuoLab/backup/liq17/ref/Alkesgroup/eur_w_ld_chr/ 

Beginning analysis at Mon Oct 27 10:26:32 2025
Reading summary statistics from /data/sbcs/GuoLab/backup/liq17/CRC_TF_TWAS_zhishan2024/NC_revision_OceanCode/v2_NC_revision/simulation_values_res/sim_y_values/beta1_1_h2_0.05_SNPs_500.sim_y/10M.SIM45.glm.logistic.hybrid.txt ...
Read summary statistics for 9991229 SNPs.
Reading reference panel LD Score from /data/sbcs/GuoLab/backup/liq17/CRC_TF_TWAS_zhishan2024/NC_revision_OceanCode/v2_NC_revision//84Tracks/ldscores_sim500/[1-22] ... (ldscore_fromlist)
Read reference panel LD Scores for 9991229 SNPs.
Removing partitioned LD Scores with zero variance.
Reading regression weight LD Score from /data/sbcs/GuoLab/backup/liq17/ref/Alkesgroup/eur_w_ld_chr/[1-22] ... (ldscore_fromlist)
Read regression weight LD Scores for 1290028 SNPs.
After merging with reference panel LD, 9991229 SNPs remain.
After merging with regression SNP LD, 1274793 SNPs remain.
Removed 0 SNPs with chi^2 > 80 (1274793 SNPs remain)
Total Observed scale h2: 0.1738 (0.3713)
Categories: SIM1L2_0 SIM2L2_0 SIM3L2_0 SIM4L2_0 SIM5L2_0 SIM6L2_0 SIM7L2_0 SIM8L2_0 SIM9L2_0 SIM10L2_0 SIM11L2_0 SIM12L2_0 SIM13L2_0 SIM14L2_0 SIM15L2_0 SIM16L2_0 SIM17L2_0 SIM18L2_0 SIM19L2_0 SIM20L2_0 SIM21L2_0 SIM22L2_0 SIM23L2_0 SIM24L2_0 SIM25L2_0 SIM26L2_0 SIM27L2_0 SIM28L2_0 SIM29L2_0 SIM30L2_0 SIM31L2_0 SIM32L2_0 SIM33L2_0 SIM34L2_0 SIM35L2_0 SIM36L2_0 SIM37L2_0 SIM38L2_0 SIM39L2_0 SIM40L2_0 SIM41L2_0 SIM42L2_0 SIM43L2_0 SIM44L2_0 SIM45L2_0 SIM46L2_0 SIM47L2_0 SIM48L2_0 SIM49L2_0 SIM50L2_0
Observed scale h2: -0.0518  0.0006  0.0677 -0.0166  0.0595  0.1351  0.0616 -0.0176 -0.0927  0.0729 -0.0251  0.0397  0.0129 -0.0241 -0.0515  0.0353  0.0397  0.0652 -0.0126 -0.0897 -0.0025  0.0759 -0.0483 -0.0361  0.0334  0.059  -0.0708 -0.1053  0.0234 -0.0552  0.0932 -0.001  -0.0622 -0.0038 -0.0911  0.0374  0.0088 -0.0366  0.0371  0.0092 -0.0412 -0.011   0.1113 -0.004  -0.0544  0.0403  0.0255  0.0077  0.0516 -0.0251
Observed scale h2 SE: 0.0622 0.0665 0.0607 0.0505 0.064  0.064  0.0555 0.0638 0.0532 0.0607 0.0625 0.0562 0.0605 0.0583 0.0502 0.066  0.0505 0.0534 0.0577 0.0515 0.0442 0.0621 0.0503 0.0651 0.0631 0.0535 0.0527 0.0523 0.0544 0.0507 0.0616 0.0622 0.0565 0.0556 0.0496 0.0586 0.0583 0.0455 0.0525 0.0573 0.0593 0.0555 0.0621 0.053  0.0499 0.0568 0.0617 0.0493 0.068  0.0587
Proportion of SNPs: 0.0202 0.02   0.0203 0.0208 0.0199 0.0194 0.0208 0.0197 0.0199 0.0191 0.0191 0.0196 0.0205 0.021  0.0198 0.0203 0.0187 0.0201 0.0202 0.02   0.0197 0.0199 0.0207 0.0216 0.0206 0.0201 0.0202 0.0191 0.0201 0.0202 0.0193 0.0195 0.0208 0.0189 0.0191 0.0203 0.0199 0.0184 0.0188 0.02   0.021  0.0206 0.0193 0.0197 0.0203 0.0199 0.0201 0.0205 0.022  0.0195
Proportion of h2g: -0.298   0.0036  0.3897 -0.0953  0.3421  0.7775  0.3541 -0.1012 -0.5331  0.4195 -0.1441  0.2282  0.074  -0.1386 -0.2962  0.2031  0.2286  0.3753 -0.0727 -0.5163 -0.0143  0.4365 -0.2781 -0.2075  0.192   0.3392 -0.4075 -0.6057  0.1346 -0.3177  0.5364 -0.0057 -0.3576 -0.0221 -0.5244  0.2151  0.0508 -0.2105  0.2137  0.0527 -0.2369 -0.0635  0.6401 -0.0228 -0.3129  0.2319  0.1466  0.0445  0.2971 -0.1443
Enrichment: -14.7428   0.1775  19.2142  -4.5757  17.2131  40.0915  17.0589  -5.1257 -26.7359  22.0205  -7.538   11.6434   3.6109  -6.5915 -14.9576  10.0119  12.2162  18.628   -3.598  -25.8054  -0.7248  21.9681 -13.4416  -9.584    9.3112  16.8375 -20.1585 -31.677    6.7052 -15.7153  27.7562  -0.2954 -17.1675  -1.1691 -27.4253  10.5718   2.5584 -11.4159  11.339    2.6362 -11.2637  -3.0791  33.1221  -1.1558 -15.4288  11.6708   7.2758   2.1739  13.5137  -7.3885
Coefficients: -1.7499e-04  2.1071e-06  2.2807e-04 -5.4312e-05  2.0431e-04  4.7587e-04  2.0248e-04 -6.0841e-05 -3.1735e-04  2.6138e-04 -8.9474e-05  1.3820e-04  4.2860e-05 -7.8239e-05 -1.7754e-04  1.1884e-04  1.4500e-04  2.2111e-04 -4.2708e-05 -3.0630e-04 -8.6030e-06  2.6075e-04 -1.5955e-04 -1.1376e-04  1.1052e-04  1.9986e-04 -2.3927e-04 -3.7599e-04  7.9589e-05 -1.8653e-04  3.2946e-04 -3.5059e-06 -2.0377e-04 -1.3877e-05 -3.2553e-04  1.2548e-04  3.0367e-05 -1.3550e-04  1.3459e-04  3.1291e-05 -1.3370e-04 -3.6547e-05  3.9315e-04 -1.3720e-05 -1.8313e-04  1.3853e-04  8.6361e-05  2.5803e-05  1.6040e-04 -8.7699e-05
Coefficient SE: 0.0002 0.0002 0.0002 0.0002 0.0002 0.0002 0.0002 0.0002 0.0002 0.0002 0.0002 0.0002 0.0002 0.0002 0.0002 0.0002 0.0002 0.0002 0.0002 0.0002 0.0002 0.0002 0.0002 0.0002 0.0002 0.0002 0.0002 0.0002 0.0002 0.0002 0.0002 0.0002 0.0002 0.0002 0.0002 0.0002 0.0002 0.0002 0.0002 0.0002 0.0002 0.0002 0.0002 0.0002 0.0002 0.0002 0.0002 0.0002 0.0002 0.0002
Lambda GC: 1.0338
Mean Chi^2: 1.0206
Intercept: 1.0079 (0.0047)
Ratio: 0.3833 (0.2289)
Analysis finished at Mon Oct 27 10:30:40 2025
Total time elapsed: 4.0m:7.24s
