*********************************************************************
* LD Score Regression (LDSC)
* Version 1.0.1
* (C) 2014-2019 Brendan Bulik-Sullivan and Hilary Finucane
* Broad Institute of MIT and Harvard / MIT Department of Mathematics
* GNU General Public License v3
*********************************************************************
Call: 
./ldsc.py \
--h2 /data/sbcs/GuoLab/backup/liq17/CRC_TF_TWAS_zhishan2024/NC_revision_OceanCode/v2_NC_revision/simulation_values_res/sim_y_values/beta1_1_h2_0.05_SNPs_500.sim_y/10M.SIM5.glm.logistic.hybrid.txt \
--ref-ld-chr /data/sbcs/GuoLab/backup/liq17/CRC_TF_TWAS_zhishan2024/NC_revision_OceanCode/v2_NC_revision//84Tracks/ldscores_sim500/ \
--out /data/sbcs/GuoLab/backup/liq17/CRC_TF_TWAS_zhishan2024/NC_revision_OceanCode/v2_NC_revision/simulation_values_res/ldsc_res/y_sim_h2_0.05_SNPs_500/SIM5.ldsc.res.txt \
--w-ld-chr /data/sbcs/GuoLab/backup/liq17/ref/Alkesgroup/eur_w_ld_chr/ 

Beginning analysis at Mon Oct 27 07:50:11 2025
Reading summary statistics from /data/sbcs/GuoLab/backup/liq17/CRC_TF_TWAS_zhishan2024/NC_revision_OceanCode/v2_NC_revision/simulation_values_res/sim_y_values/beta1_1_h2_0.05_SNPs_500.sim_y/10M.SIM5.glm.logistic.hybrid.txt ...
Read summary statistics for 9991229 SNPs.
Reading reference panel LD Score from /data/sbcs/GuoLab/backup/liq17/CRC_TF_TWAS_zhishan2024/NC_revision_OceanCode/v2_NC_revision//84Tracks/ldscores_sim500/[1-22] ... (ldscore_fromlist)
Read reference panel LD Scores for 9991229 SNPs.
Removing partitioned LD Scores with zero variance.
Reading regression weight LD Score from /data/sbcs/GuoLab/backup/liq17/ref/Alkesgroup/eur_w_ld_chr/[1-22] ... (ldscore_fromlist)
Read regression weight LD Scores for 1290028 SNPs.
After merging with reference panel LD, 9991229 SNPs remain.
After merging with regression SNP LD, 1274793 SNPs remain.
Removed 0 SNPs with chi^2 > 80 (1274793 SNPs remain)
Total Observed scale h2: 0.0895 (0.4201)
Categories: SIM1L2_0 SIM2L2_0 SIM3L2_0 SIM4L2_0 SIM5L2_0 SIM6L2_0 SIM7L2_0 SIM8L2_0 SIM9L2_0 SIM10L2_0 SIM11L2_0 SIM12L2_0 SIM13L2_0 SIM14L2_0 SIM15L2_0 SIM16L2_0 SIM17L2_0 SIM18L2_0 SIM19L2_0 SIM20L2_0 SIM21L2_0 SIM22L2_0 SIM23L2_0 SIM24L2_0 SIM25L2_0 SIM26L2_0 SIM27L2_0 SIM28L2_0 SIM29L2_0 SIM30L2_0 SIM31L2_0 SIM32L2_0 SIM33L2_0 SIM34L2_0 SIM35L2_0 SIM36L2_0 SIM37L2_0 SIM38L2_0 SIM39L2_0 SIM40L2_0 SIM41L2_0 SIM42L2_0 SIM43L2_0 SIM44L2_0 SIM45L2_0 SIM46L2_0 SIM47L2_0 SIM48L2_0 SIM49L2_0 SIM50L2_0
Observed scale h2: -0.0356 -0.024  -0.0593 -0.0823 -0.0111  0.0961 -0.0254 -0.0166  0.0502 -0.0235  0.0115 -0.0709  0.0447 -0.0422  0.0536 -0.1051  0.0517 -0.0494 -0.017  -0.0322 -0.0289  0.0996  0.0054  0.0534  0.0231 -0.0443 -0.0546 -0.0109 -0.0126 -0.0485  0.0411 -0.0608 -0.0387 -0.0069 -0.0299  0.0498  0.094   0.0461  0.0269 -0.0804  0.1148  0.087   0.0266  0.1054 -0.0778 -0.0761 -0.0424  0.0876  0.1071  0.0213
Observed scale h2 SE: 0.0539 0.049  0.0593 0.05   0.0499 0.0597 0.0514 0.0539 0.0584 0.051  0.0622 0.0463 0.0689 0.0573 0.0607 0.0511 0.053  0.0514 0.0558 0.0507 0.0582 0.063  0.0607 0.0596 0.0647 0.0544 0.0533 0.0505 0.0571 0.0547 0.053  0.0483 0.051  0.0553 0.044  0.0621 0.0748 0.0541 0.0626 0.0507 0.0646 0.0719 0.0566 0.0581 0.0573 0.059  0.0559 0.0721 0.0821 0.0585
Proportion of SNPs: 0.0202 0.02   0.0203 0.0208 0.0199 0.0194 0.0208 0.0197 0.0199 0.0191 0.0191 0.0196 0.0205 0.021  0.0198 0.0203 0.0187 0.0201 0.0202 0.02   0.0197 0.0199 0.0207 0.0216 0.0206 0.0201 0.0202 0.0191 0.0201 0.0202 0.0193 0.0195 0.0208 0.0189 0.0191 0.0203 0.0199 0.0184 0.0188 0.02   0.021  0.0206 0.0193 0.0197 0.0203 0.0199 0.0201 0.0205 0.022  0.0195
Proportion of h2g: -0.398  -0.2685 -0.6634 -0.9199 -0.1236  1.0741 -0.2837 -0.1853  0.5611 -0.2622  0.1287 -0.7927  0.4998 -0.4718  0.5991 -1.1752  0.5779 -0.5526 -0.1899 -0.3601 -0.3236  1.1134  0.0599  0.5966  0.2588 -0.495  -0.6105 -0.1215 -0.1409 -0.5424  0.4595 -0.6802 -0.4321 -0.0766 -0.3347  0.5569  1.0508  0.5156  0.3004 -0.899   1.283   0.9721  0.2978  1.1777 -0.8699 -0.8503 -0.474   0.9795  1.1969  0.238
Enrichment: -19.6908 -13.4199 -32.7111 -44.1653  -6.2197  55.3821 -13.6648  -9.387   28.1408 -13.7641   6.7327 -40.4469  24.3985 -22.4314  30.2512 -57.9459  30.887  -27.433   -9.395  -17.9955 -16.3969  56.0299   2.895   27.5606  12.5481 -24.5719 -30.2046  -6.3532  -7.0185 -26.8366  23.7772 -34.95   -20.7482  -4.0505 -17.5045  27.3678  52.8771  27.9654  15.9409 -44.933   60.9987  47.1373  15.4114  59.677  -42.8932 -42.7917 -23.5291  47.8114  54.4345  12.1888
Coefficients: -1.2028e-04 -8.1975e-05 -1.9981e-04 -2.6978e-04 -3.7993e-05  3.3830e-04 -8.3471e-05 -5.7340e-05  1.7190e-04 -8.4077e-05  4.1126e-05 -2.4707e-04  1.4904e-04 -1.3702e-04  1.8479e-04 -3.5396e-04  1.8867e-04 -1.6757e-04 -5.7389e-05 -1.0993e-04 -1.0016e-04  3.4226e-04  1.7684e-05  1.6835e-04  7.6649e-05 -1.5010e-04 -1.8450e-04 -3.8809e-05 -4.2872e-05 -1.6393e-04  1.4524e-04 -2.1349e-04 -1.2674e-04 -2.4742e-05 -1.0693e-04  1.6718e-04  3.2300e-04  1.7083e-04  9.7374e-05 -2.7447e-04  3.7261e-04  2.8794e-04  9.4140e-05  3.6454e-04 -2.6201e-04 -2.6139e-04 -1.4373e-04  2.9205e-04  3.3251e-04  7.4455e-05
Coefficient SE: 0.0002 0.0002 0.0002 0.0002 0.0002 0.0002 0.0002 0.0002 0.0002 0.0002 0.0002 0.0002 0.0002 0.0002 0.0002 0.0002 0.0002 0.0002 0.0002 0.0002 0.0002 0.0002 0.0002 0.0002 0.0002 0.0002 0.0002 0.0002 0.0002 0.0002 0.0002 0.0002 0.0002 0.0002 0.0002 0.0002 0.0003 0.0002 0.0002 0.0002 0.0002 0.0002 0.0002 0.0002 0.0002 0.0002 0.0002 0.0002 0.0003 0.0002
Lambda GC: 1.0154
Mean Chi^2: 1.0048
Intercept: 0.9989 (0.0045)
Ratio < 0 (usually indicates GC correction).
Analysis finished at Mon Oct 27 07:54:07 2025
Total time elapsed: 3.0m:55.37s
