*********************************************************************
* LD Score Regression (LDSC)
* Version 1.0.1
* (C) 2014-2019 Brendan Bulik-Sullivan and Hilary Finucane
* Broad Institute of MIT and Harvard / MIT Department of Mathematics
* GNU General Public License v3
*********************************************************************
Call: 
./ldsc.py \
--out /data/sbcs/GuoLab/backup/liq17/CRC_TF_TWAS_zhishan2024/NC_revision_OceanCode/v2_NC_revision//84Tracks//ldscores_null1000//12 \
--bfile /data/sbcs/GuoLab/backup/liq17/ref/Alkesgroup/1000G_EUR_Phase3_plink_hg38/1000G.EUR.QC.12 \
--annot /data/sbcs/GuoLab/backup/liq17/CRC_TF_TWAS_zhishan2024/NC_revision_OceanCode/v2_NC_revision//84Tracks//annots_null1000//12.annot.txt \
--l2  \
--ld-wind-kb 100.0 

Beginning analysis at Sat Oct 25 14:13:35 2025
Read list of 480032 SNPs from /data/sbcs/GuoLab/backup/liq17/ref/Alkesgroup/1000G_EUR_Phase3_plink_hg38/1000G.EUR.QC.12.bim
Read 1 annotations for 480032 SNPs from /data/sbcs/GuoLab/backup/liq17/CRC_TF_TWAS_zhishan2024/NC_revision_OceanCode/v2_NC_revision//84Tracks//annots_null1000//12.annot.txt
Read list of 489 individuals from /data/sbcs/GuoLab/backup/liq17/ref/Alkesgroup/1000G_EUR_Phase3_plink_hg38/1000G.EUR.QC.12.fam
Reading genotypes from /data/sbcs/GuoLab/backup/liq17/ref/Alkesgroup/1000G_EUR_Phase3_plink_hg38/1000G.EUR.QC.12.bed
Estimating LD Score.
Writing LD Scores for 480032 SNPs to /data/sbcs/GuoLab/backup/liq17/CRC_TF_TWAS_zhishan2024/NC_revision_OceanCode/v2_NC_revision//84Tracks//ldscores_null1000//12.l2.ldscore.gz

Summary of LD Scores in /data/sbcs/GuoLab/backup/liq17/CRC_TF_TWAS_zhishan2024/NC_revision_OceanCode/v2_NC_revision//84Tracks//ldscores_null1000//12.l2.ldscore.gz
         MAF      L2
mean  0.1479  0.0066
std   0.1493  0.0641
min   0.0051 -0.0052
25%   0.0184  0.0000
50%   0.0859  0.0000
75%   0.2566  0.0000
max   0.5000  1.1291

MAF/LD Score Correlation Matrix
        MAF      L2
MAF  1.0000  0.0243
L2   0.0243  1.0000

Annotation Correlation Matrix
      SIM1
SIM1   1.0

Annotation Matrix Column Sums
SIM1    47

Summary of Annotation Matrix Row Sums
count    4.8003e+05
mean     9.7910e-05
std      9.8945e-03
min      0.0000e+00
25%      0.0000e+00
50%      0.0000e+00
75%      0.0000e+00
max      1.0000e+00
Analysis finished at Sat Oct 25 14:16:30 2025
Total time elapsed: 2.0m:55.15s
