*********************************************************************
* LD Score Regression (LDSC)
* Version 1.0.1
* (C) 2014-2019 Brendan Bulik-Sullivan and Hilary Finucane
* Broad Institute of MIT and Harvard / MIT Department of Mathematics
* GNU General Public License v3
*********************************************************************
Call: 
./ldsc.py \
--out /data/sbcs/GuoLab/backup/liq17/CRC_TF_TWAS_zhishan2024/NC_revision_OceanCode/v2_NC_revision//84Tracks//ldscores_null5000//15 \
--bfile /data/sbcs/GuoLab/backup/liq17/ref/Alkesgroup/1000G_EUR_Phase3_plink_hg38/1000G.EUR.QC.15 \
--annot /data/sbcs/GuoLab/backup/liq17/CRC_TF_TWAS_zhishan2024/NC_revision_OceanCode/v2_NC_revision//84Tracks//annots_null5000//15.annot.txt \
--l2  \
--ld-wind-kb 100.0 

Beginning analysis at Sat Oct 25 21:15:00 2025
Read list of 286945 SNPs from /data/sbcs/GuoLab/backup/liq17/ref/Alkesgroup/1000G_EUR_Phase3_plink_hg38/1000G.EUR.QC.15.bim
Read 1 annotations for 286945 SNPs from /data/sbcs/GuoLab/backup/liq17/CRC_TF_TWAS_zhishan2024/NC_revision_OceanCode/v2_NC_revision//84Tracks//annots_null5000//15.annot.txt
Read list of 489 individuals from /data/sbcs/GuoLab/backup/liq17/ref/Alkesgroup/1000G_EUR_Phase3_plink_hg38/1000G.EUR.QC.15.fam
Reading genotypes from /data/sbcs/GuoLab/backup/liq17/ref/Alkesgroup/1000G_EUR_Phase3_plink_hg38/1000G.EUR.QC.15.bed
Estimating LD Score.
Writing LD Scores for 286945 SNPs to /data/sbcs/GuoLab/backup/liq17/CRC_TF_TWAS_zhishan2024/NC_revision_OceanCode/v2_NC_revision//84Tracks//ldscores_null5000//15.l2.ldscore.gz

Summary of LD Scores in /data/sbcs/GuoLab/backup/liq17/CRC_TF_TWAS_zhishan2024/NC_revision_OceanCode/v2_NC_revision//84Tracks//ldscores_null5000//15.l2.ldscore.gz
         MAF      L2
mean  0.1468  0.0250
std   0.1499  0.1262
min   0.0051 -0.0068
25%   0.0174  0.0000
50%   0.0828  0.0000
75%   0.2536  0.0000
max   0.5000  2.1066

MAF/LD Score Correlation Matrix
        MAF      L2
MAF  1.0000  0.0456
L2   0.0456  1.0000

Annotation Correlation Matrix
      SIM1
SIM1   1.0

Annotation Matrix Column Sums
SIM1    134

Summary of Annotation Matrix Row Sums
count    286945.0000
mean          0.0005
std           0.0216
min           0.0000
25%           0.0000
50%           0.0000
75%           0.0000
max           1.0000
Analysis finished at Sat Oct 25 21:18:05 2025
Total time elapsed: 3.0m:4.44s
