*********************************************************************
* LD Score Regression (LDSC)
* Version 1.0.1
* (C) 2014-2019 Brendan Bulik-Sullivan and Hilary Finucane
* Broad Institute of MIT and Harvard / MIT Department of Mathematics
* GNU General Public License v3
*********************************************************************
Call: 
./ldsc.py \
--out /data/sbcs/GuoLab/backup/liq17/CRC_TF_TWAS_zhishan2024/NC_revision_OceanCode/v2_NC_revision//84Tracks//ldscores_null5000//20 \
--bfile /data/sbcs/GuoLab/backup/liq17/ref/Alkesgroup/1000G_EUR_Phase3_plink_hg38/1000G.EUR.QC.20 \
--annot /data/sbcs/GuoLab/backup/liq17/CRC_TF_TWAS_zhishan2024/NC_revision_OceanCode/v2_NC_revision//84Tracks//annots_null5000//20.annot.txt \
--l2  \
--ld-wind-kb 100.0 

Beginning analysis at Sat Oct 25 21:32:27 2025
Read list of 221582 SNPs from /data/sbcs/GuoLab/backup/liq17/ref/Alkesgroup/1000G_EUR_Phase3_plink_hg38/1000G.EUR.QC.20.bim
Read 1 annotations for 221582 SNPs from /data/sbcs/GuoLab/backup/liq17/CRC_TF_TWAS_zhishan2024/NC_revision_OceanCode/v2_NC_revision//84Tracks//annots_null5000//20.annot.txt
Read list of 489 individuals from /data/sbcs/GuoLab/backup/liq17/ref/Alkesgroup/1000G_EUR_Phase3_plink_hg38/1000G.EUR.QC.20.fam
Reading genotypes from /data/sbcs/GuoLab/backup/liq17/ref/Alkesgroup/1000G_EUR_Phase3_plink_hg38/1000G.EUR.QC.20.bed
Estimating LD Score.
Writing LD Scores for 221582 SNPs to /data/sbcs/GuoLab/backup/liq17/CRC_TF_TWAS_zhishan2024/NC_revision_OceanCode/v2_NC_revision//84Tracks//ldscores_null5000//20.l2.ldscore.gz

Summary of LD Scores in /data/sbcs/GuoLab/backup/liq17/CRC_TF_TWAS_zhishan2024/NC_revision_OceanCode/v2_NC_revision//84Tracks//ldscores_null5000//20.l2.ldscore.gz
         MAF      L2
mean  0.1482  0.0315
std   0.1493  0.1385
min   0.0051 -0.0068
25%   0.0184  0.0000
50%   0.0869  0.0000
75%   0.2536  0.0006
max   0.5000  1.5185

MAF/LD Score Correlation Matrix
        MAF      L2
MAF  1.0000  0.0967
L2   0.0967  1.0000

Annotation Correlation Matrix
      SIM1
SIM1   1.0

Annotation Matrix Column Sums
SIM1    132

Summary of Annotation Matrix Row Sums
count    221582.0000
mean          0.0006
std           0.0244
min           0.0000
25%           0.0000
50%           0.0000
75%           0.0000
max           1.0000
Analysis finished at Sat Oct 25 21:35:34 2025
Total time elapsed: 3.0m:7.02s
